[02:35:33] [Server thread/INFO]: Starting minecraft server version 1.8.8
[02:35:33] [Server thread/INFO]: Loading properties
[02:35:33] [Server thread/INFO]: Default game type: ADVENTURE
[02:35:33] [Server thread/INFO]: This server is running CraftBukkit version git-Spigot-db6de12-18fbb24 (MC: 1.8.8) (Implementing API version 1.8.8-R0.1-SNAPSHOT)
[02:35:33] [Server thread/INFO]: Debug logging is disabled
[02:35:33] [Server thread/INFO]: Server Ping Player Sample Count: 12
[02:35:33] [Server thread/INFO]: Using 4 threads for Netty based IO
[02:35:33] [Server thread/INFO]: Generating keypair
[02:35:34] [Server thread/INFO]: Starting Minecraft server on 192.168.0.21:777
[02:35:34] [Server thread/INFO]: Using default channel type
[02:35:36] [Server thread/INFO]: Set PluginClassLoader as parallel capable
[02:35:36] [Server thread/INFO]: [RageLobby] Loading RageLobby vAlpha 0.1
[02:35:36] [Server thread/INFO]: [Effect Library] Loading EffectLib v5.0
[02:35:36] [Server thread/INFO]: [ObsiShop] Loading ObsiShop v0.1
[02:35:36] [Server thread/INFO]: [Skript] Loading Skript v2.2-SNAPSHOT
[02:35:36] [Server thread/INFO]: [WildSkript] Loading WildSkript v1.8
[02:35:36] [Server thread/INFO]: [skDragon] Loading skDragon v0.15
[02:35:36] [Server thread/INFO]: [skRayFall] Loading skRayFall v1.9.5
[02:35:36] [Server thread/INFO]: [SkQuery] Loading SkQuery v3.22.1
[02:35:36] [Server thread/WARN]: **** SERVER IS RUNNING IN OFFLINE/INSECURE MODE!
[02:35:36] [Server thread/WARN]: The server will make no attempt to authenticate usernames. Beware.
[02:35:36] [Server thread/WARN]: While this makes the game possible to play without internet access, it also opens up the ability for hackers to connect with any username they choose.
[02:35:36] [Server thread/WARN]: To change this, set "online-mode" to "true" in the server.properties file.
[02:35:36] [Server thread/INFO]: **** Beginning UUID conversion, this may take A LONG time ****
[02:35:36] [Server thread/INFO]: Preparing level "world"
[02:35:36] [Server thread/INFO]: -------- World Settings For [world] --------
[02:35:36] [Server thread/INFO]: Sending up to 10 chunks per packet
[02:35:36] [Server thread/INFO]: Tile Max Tick Time: 50ms Entity max Tick Time: 50ms
[02:35:36] [Server thread/INFO]: Entity Tracking Range: Pl 48 / An 48 / Mo 48 / Mi 32 / Other 64
[02:35:36] [Server thread/INFO]: Entity Activation Range: An 32 / Mo 32 / Mi 16
[02:35:36] [Server thread/INFO]: Hopper Transfer: 8 Hopper Check: 8 Hopper Amount: 1
[02:35:36] [Server thread/INFO]: Random Lighting Updates: false
[02:35:36] [Server thread/INFO]: Structure Info Saving: true
[02:35:36] [Server thread/INFO]: Max TNT Explosions: 100
[02:35:36] [Server thread/INFO]: Allow Zombie Pigmen to spawn from portal blocks: true
[02:35:36] [Server thread/INFO]: Cactus Growth Modifier: 100%
[02:35:36] [Server thread/INFO]: Cane Growth Modifier: 100%
[02:35:36] [Server thread/INFO]: Melon Growth Modifier: 100%
[02:35:36] [Server thread/INFO]: Mushroom Growth Modifier: 100%
[02:35:36] [Server thread/INFO]: Pumpkin Growth Modifier: 100%
[02:35:36] [Server thread/INFO]: Sapling Growth Modifier: 100%
[02:35:36] [Server thread/INFO]: Wheat Growth Modifier: 100%
[02:35:36] [Server thread/INFO]: NetherWart Growth Modifier: 100%
[02:35:36] [Server thread/INFO]: View Distance: 10
[02:35:36] [Server thread/INFO]: Arrow Despawn Rate: 1200
[02:35:36] [Server thread/INFO]: Item Merge Radius: 2.5
[02:35:36] [Server thread/INFO]: Item Despawn Rate: 6000
[02:35:36] [Server thread/INFO]: Anti X-Ray: true
[02:35:36] [Server thread/INFO]: 	Engine Mode: 1
[02:35:36] [Server thread/INFO]: 	Hidden Blocks: [14, 15, 16, 21, 48, 49, 54, 56, 73, 74, 82, 129, 130]
[02:35:36] [Server thread/INFO]: 	Replace Blocks: [1, 5]
[02:35:36] [Server thread/INFO]: Mob Spawn Range: 4
[02:35:36] [Server thread/INFO]: Nerfing mobs spawned from spawners: false
[02:35:36] [Server thread/INFO]: Max Entity Collisions: 8
[02:35:36] [Server thread/INFO]: Custom Map Seeds:  Village: 10387312 Feature: 14357617
[02:35:36] [Server thread/INFO]: Zombie Aggressive Towards Villager: true
[02:35:36] [Server thread/INFO]: Chunks to Grow per Tick: 650
[02:35:36] [Server thread/INFO]: Clear tick list: false
[02:35:36] [Server thread/INFO]: Experience Merge Radius: 3.0
[02:35:36] [Server thread/INFO]: -------- World Settings For [world_nether] --------
[02:35:36] [Server thread/INFO]: Sending up to 10 chunks per packet
[02:35:36] [Server thread/INFO]: Tile Max Tick Time: 50ms Entity max Tick Time: 50ms
[02:35:36] [Server thread/INFO]: Entity Tracking Range: Pl 48 / An 48 / Mo 48 / Mi 32 / Other 64
[02:35:36] [Server thread/INFO]: Entity Activation Range: An 32 / Mo 32 / Mi 16
[02:35:36] [Server thread/INFO]: Hopper Transfer: 8 Hopper Check: 8 Hopper Amount: 1
[02:35:36] [Server thread/INFO]: Random Lighting Updates: false
[02:35:36] [Server thread/INFO]: Structure Info Saving: true
[02:35:36] [Server thread/INFO]: Max TNT Explosions: 100
[02:35:36] [Server thread/INFO]: Allow Zombie Pigmen to spawn from portal blocks: true
[02:35:36] [Server thread/INFO]: Cactus Growth Modifier: 100%
[02:35:36] [Server thread/INFO]: Cane Growth Modifier: 100%
[02:35:36] [Server thread/INFO]: Melon Growth Modifier: 100%
[02:35:36] [Server thread/INFO]: Mushroom Growth Modifier: 100%
[02:35:36] [Server thread/INFO]: Pumpkin Growth Modifier: 100%
[02:35:36] [Server thread/INFO]: Sapling Growth Modifier: 100%
[02:35:36] [Server thread/INFO]: Wheat Growth Modifier: 100%
[02:35:36] [Server thread/INFO]: NetherWart Growth Modifier: 100%
[02:35:36] [Server thread/INFO]: View Distance: 10
[02:35:36] [Server thread/INFO]: Arrow Despawn Rate: 1200
[02:35:36] [Server thread/INFO]: Item Merge Radius: 2.5
[02:35:36] [Server thread/INFO]: Item Despawn Rate: 6000
[02:35:36] [Server thread/INFO]: Anti X-Ray: true
[02:35:36] [Server thread/INFO]: 	Engine Mode: 1
[02:35:36] [Server thread/INFO]: 	Hidden Blocks: [14, 15, 16, 21, 48, 49, 54, 56, 73, 74, 82, 129, 130]
[02:35:36] [Server thread/INFO]: 	Replace Blocks: [1, 5]
[02:35:36] [Server thread/INFO]: Mob Spawn Range: 4
[02:35:36] [Server thread/INFO]: Nerfing mobs spawned from spawners: false
[02:35:36] [Server thread/INFO]: Max Entity Collisions: 8
[02:35:36] [Server thread/INFO]: Custom Map Seeds:  Village: 10387312 Feature: 14357617
[02:35:36] [Server thread/INFO]: Zombie Aggressive Towards Villager: true
[02:35:36] [Server thread/INFO]: Chunks to Grow per Tick: 650
[02:35:36] [Server thread/INFO]: Clear tick list: false
[02:35:36] [Server thread/INFO]: Experience Merge Radius: 3.0
[02:35:36] [Server thread/INFO]: -------- World Settings For [world_the_end] --------
[02:35:36] [Server thread/INFO]: Sending up to 10 chunks per packet
[02:35:36] [Server thread/INFO]: Tile Max Tick Time: 50ms Entity max Tick Time: 50ms
[02:35:36] [Server thread/INFO]: Entity Tracking Range: Pl 48 / An 48 / Mo 48 / Mi 32 / Other 64
[02:35:36] [Server thread/INFO]: Entity Activation Range: An 32 / Mo 32 / Mi 16
[02:35:36] [Server thread/INFO]: Hopper Transfer: 8 Hopper Check: 8 Hopper Amount: 1
[02:35:36] [Server thread/INFO]: Random Lighting Updates: false
[02:35:36] [Server thread/INFO]: Structure Info Saving: true
[02:35:36] [Server thread/INFO]: Max TNT Explosions: 100
[02:35:36] [Server thread/INFO]: Allow Zombie Pigmen to spawn from portal blocks: true
[02:35:36] [Server thread/INFO]: Cactus Growth Modifier: 100%
[02:35:36] [Server thread/INFO]: Cane Growth Modifier: 100%
[02:35:36] [Server thread/INFO]: Melon Growth Modifier: 100%
[02:35:36] [Server thread/INFO]: Mushroom Growth Modifier: 100%
[02:35:36] [Server thread/INFO]: Pumpkin Growth Modifier: 100%
[02:35:36] [Server thread/INFO]: Sapling Growth Modifier: 100%
[02:35:36] [Server thread/INFO]: Wheat Growth Modifier: 100%
[02:35:36] [Server thread/INFO]: NetherWart Growth Modifier: 100%
[02:35:36] [Server thread/INFO]: View Distance: 10
[02:35:36] [Server thread/INFO]: Arrow Despawn Rate: 1200
[02:35:36] [Server thread/INFO]: Item Merge Radius: 2.5
[02:35:36] [Server thread/INFO]: Item Despawn Rate: 6000
[02:35:36] [Server thread/INFO]: Anti X-Ray: true
[02:35:36] [Server thread/INFO]: 	Engine Mode: 1
[02:35:36] [Server thread/INFO]: 	Hidden Blocks: [14, 15, 16, 21, 48, 49, 54, 56, 73, 74, 82, 129, 130]
[02:35:36] [Server thread/INFO]: 	Replace Blocks: [1, 5]
[02:35:36] [Server thread/INFO]: Mob Spawn Range: 4
[02:35:36] [Server thread/INFO]: Nerfing mobs spawned from spawners: false
[02:35:36] [Server thread/INFO]: Max Entity Collisions: 8
[02:35:36] [Server thread/INFO]: Custom Map Seeds:  Village: 10387312 Feature: 14357617
[02:35:36] [Server thread/INFO]: Zombie Aggressive Towards Villager: true
[02:35:36] [Server thread/INFO]: Chunks to Grow per Tick: 650
[02:35:36] [Server thread/INFO]: Clear tick list: false
[02:35:36] [Server thread/INFO]: Experience Merge Radius: 3.0
[02:35:36] [Server thread/INFO]: Preparing start region for level 0 (Seed: -4546708315346121745)
[02:35:37] [Server thread/INFO]: Preparing spawn area: 48%
[02:35:38] [Server thread/INFO]: Preparing start region for level 1 (Seed: -4546708315346121745)
[02:35:39] [Server thread/INFO]: Preparing spawn area: 58%
[02:35:39] [Server thread/INFO]: Preparing start region for level 2 (Seed: -4546708315346121745)
[02:35:40] [Server thread/INFO]: [RageLobby] Enabling RageLobby vAlpha 0.1
[02:35:40] [Server thread/INFO]: [0;31;1m[21m[Plugin] [0;32;1mMason created me![m
[02:35:40] [Server thread/INFO]: [Effect Library] Enabling EffectLib v5.0
[02:35:40] [Server thread/INFO]: [ObsiShop] Enabling ObsiShop v0.1
[02:35:40] [Server thread/INFO]: [0;31;1m[21m[Plugin] [0;32;1mMason created me![m
[02:35:40] [Server thread/INFO]: [Skript] Enabling Skript v2.2-SNAPSHOT
[02:35:41] [Server thread/INFO]: [Skript] Loaded a total of 11504 english aliases
[02:35:41] [Server thread/WARN]: [Skript] There are no aliases defined for the following ids: 165, 166, 167, 168, 169, 176, 177, 178, 179, 180, 181, 182, 183, 184, 185, 186, 187, 188, 189, 190, 191, 192, 193, 194, 195, 196, 197, 409, 410, 411, 412, 413, 414, 415, 416, 423, 424, 425, 427, 428, 429, 430, 431
[02:35:41] [Server thread/INFO]: [Skript]  ~ created by & © Peter Güttinger aka Njol ~
[02:35:41] [Server thread/INFO]: [WildSkript] Enabling WildSkript v1.8
[02:35:41] [Server thread/INFO]: [WildSkript] skQuery hooked!
[02:35:41] [Server thread/INFO]: [WildSkript] Classes, Events, Conditions, Effects, Expressions and EventValues have been registered!
[02:35:41] [Server thread/INFO]: [WildSkript] Objects and Complex have been registered!
[02:35:41] [Server thread/INFO]: [WildSkript] ~ Created by & © Dzikoysk ~
[02:35:41] [Server thread/INFO]: [skDragon] Enabling skDragon v0.15
[02:35:41] [Server thread/INFO]: §3[§bskDragon§3] §aPlugin has been Enabled
[02:35:42] [Thread-9/INFO]: UUID of player zMasonrapaG0D is 3542a16d-d33b-3961-a5cd-935f687fd5eb
[02:35:45] [Server thread/INFO]: [skRayFall] Enabling skRayFall v1.9.5
[02:35:45] [Server thread/INFO]: [skRayFall] Yay! You are running skRayFall 1.9.5!
[02:35:45] [Server thread/INFO]: [skRayFall] Nathan and Lewis <3 you.
[02:35:45] [Server thread/INFO]: [skRayFall] Cooking Bacon...
[02:35:45] [Server thread/INFO]: [skRayFall] Citizens not found! Sorry you cant make friends, but don't worry we will still be your friend <3
[02:35:45] [Server thread/INFO]: [skRayFall] Got bacon for the EffectLib partical ninjas!
[02:35:45] [Server thread/INFO]: [skRayFall] No Votifier Found! *Checks oven for finished bacon*
[02:35:45] [Server thread/INFO]: [skRayFall] Enabling general 1.8/1.9/1.10 bacon!
[02:35:45] [Server thread/INFO]: [skRayFall] Getting the extra special 1.8.4 - 1.8.8 bacon!
[02:35:47] [Server thread/INFO]: [[0;36;22mskRayFall[m] [0;31;1mAn update for skRayFall is available![m
[02:35:47] [Server thread/INFO]: [skRayFall] Bacon is ready!
[02:35:47] [Server thread/INFO]: [SkQuery] Enabling SkQuery v3.22.1
[02:35:47] [Server thread/INFO]: [skQuery] Snooping enabled from com.w00tmast3r.skquery.SkQuery
[02:35:47] [Server thread/INFO]: [skQuery] Locating classes from SkQuery...
[02:35:47] [Server thread/INFO]: [skQuery] Finished snooping of SkQuery with 170 classes.
[02:35:47] [Server thread/INFO]: [skQuery] Beginning to process a total of 170 from SkQuery
[02:35:47] [Server thread/INFO]: [skQuery] Out of 170 classes, 159 classes were loaded from SkQuery
[02:35:47] [Server thread/INFO]: Server permissions file permissions.yml is empty, ignoring it
[02:35:48] [Server thread/INFO]: Done (11,702s)! For help, type "help" or "?"
[02:35:48] [Craft Scheduler Thread - 0/INFO]: [0;37;22m[[0;33;22mSkript[0;37;22m][m Checking for the latest version of Skript...[m
[02:35:48] [Server thread/INFO]: [Skript] Loading variables...
[02:35:48] [Server thread/INFO]: [Skript] Loaded 185 variables in 0.1 seconds
[02:35:48] [Skript update thread/INFO]: [0;37;22m[[0;33;22mSkript[0;37;22m][m You're currently running a [3mbeta[m version of Skript, and no new [3mstable[m version is available. Please note that you have to update to newer beta versions manually![m
[02:35:48] [Server thread/ERROR]: [Skript] can't understand this condition: 'clicked item is a paper' (Calculator.sk, line 59: if clicked item is a paper:')
[02:35:48] [Server thread/ERROR]: [Skript] can't understand this condition: 'clicked item is blue stained clay' (Calculator.sk, line 102: if clicked item is blue stained clay:')
[02:35:48] [Server thread/ERROR]: [Skript] can't understand this condition: 'clicked item is light blue stained clay' (Calculator.sk, line 107: if clicked item is light blue stained clay:')
[02:35:48] [Server thread/ERROR]: [Skript] can't understand this condition: 'clicked item is green stained clay' (Calculator.sk, line 112: if clicked item is green stained clay:')
[02:35:49] [Server thread/ERROR]: [Skript] can't understand this condition: 'clicked item is light green stained clay' (Calculator.sk, line 117: if clicked item is light green stained clay:')
[02:35:49] [Server thread/ERROR]: [Skript] can't understand this condition: 'clicked item is an emerald' (Calculator.sk, line 122: if clicked item is an emerald:')
[02:35:51] [Server thread/WARN]: [Skript] an entity cannot be saved, i.e. the contents of the variable {pul} will be lost when the server stops. (weapons.sk, line 114: set {pul} to attacker')
[02:35:51] [Server thread/WARN]: [Skript] an entity cannot be saved, i.e. the contents of the variable {victima} will be lost when the server stops. (weapons.sk, line 174: set {victima} to victim')
[02:35:51] [Server thread/WARN]: [Skript] a living entity cannot be saved, i.e. the contents of the variable {lol} will be lost when the server stops. (weapons.sk, line 211: set {lol} to shooter')
[02:35:51] [Server thread/INFO]: [Skript] Loaded 5 scripts with a total of 16 triggers and 21 commands in 3.39 seconds
[02:35:51] [Server thread/INFO]: [Skript] Finished loading.
[02:35:51] [Craft Scheduler Thread - 3/INFO]: §3[§bskDragon§3] §aChecking for updates now!
[02:35:51] [Server thread/INFO]: Set zMasonrapaG0D's game mode to Adventure Mode
[02:35:51] [Server thread/INFO]: [Server] HELLO zMasonrapaG0D
[02:35:51] [Server thread/INFO]: Teleported zMasonrapaG0D to 1.5, 87.0, 0.5
[02:35:51] [Server thread/INFO]: Given Speed (ID 1) * 1 to zMasonrapaG0D for 99999 seconds
[02:35:51] [Craft Scheduler Thread - 3/INFO]: §3[§bskDragon§3] §aYou have the latest version!
[02:35:51] [Server thread/INFO]: zMasonrapaG0D[/192.168.0.21:57227] logged in with entity id 282 at ([world]1.5, 87.0, 0.5)
[02:44:39] [Server thread/INFO]: [@: Set the time to 1000]
[02:55:32] [Server thread/INFO]: [@: Set the time to 1000]
[03:06:13] [Server thread/INFO]: [@: Set the time to 1000]
[03:07:32] [Server thread/INFO]: zMasonrapaG0D lost connection: Disconnected
[03:07:33] [Server thread/INFO]: zMasonrapaG0D left the game.
